<?xml version="1.0" encoding="UTF-8"?>
<!-- Generated by org.testng.reporters.JUnitXMLReporter -->
<testsuite ignored="0" hostname="trantrang-macOS" failures="0" tests="3" name="DemoUI_Test" time="31.259" errors="0" timestamp="2022-02-09T14:42:31 PST">
  <testcase classname="com.testCases.TC_VerifyTitle_001" name="GoogleTitleTest" time="0.014"/>
  <testcase classname="com.testCases.TC_VerifyTitle_healthstream_002" name="HeatlhStreamTitleTest1" time="3.624"/>
  <testcase classname="com.testCases.TC_VerifyAboutUsPage_003" name="ABoutUsTitleTest" time="12.844"/>
</testsuite> <!-- DemoUI_Test -->
