<?xml version="1.0" encoding="UTF-8"?>
<!-- Generated by org.testng.reporters.JUnitXMLReporter -->
<testsuite ignored="0" hostname="trantrang-macOS" failures="0" tests="2" name="DemoUI_Test_on_Edge" time="25.434" errors="0" timestamp="2022-02-09T16:54:24 PST">
  <testcase classname="com.testCases.TC_VerifyTitle_001" name="GoogleTitleTest" time="0.019"/>
  <testcase classname="com.testCases.TC_VerifyAboutUsPage_003" name="ABoutUsTitleTest" time="15.452"/>
</testsuite> <!-- DemoUI_Test_on_Edge -->
